::1 - - [02/Mar/2024:17:17:35 +0530] "GET / HTTP/1.1" 200 995
::1 - - [02/Mar/2024:17:17:35 +0530] "GET /style.css HTTP/1.1" 200 2300
::1 - - [02/Mar/2024:17:17:35 +0530] "GET /images/header.png HTTP/1.1" 200 7766
::1 - - [02/Mar/2024:17:17:35 +0530] "GET /images/topcontent.jpg HTTP/1.1" 200 11578
::1 - - [02/Mar/2024:17:17:35 +0530] "GET /images/background.jpg HTTP/1.1" 200 12386
::1 - - [02/Mar/2024:17:17:35 +0530] "GET /images/content.jpg HTTP/1.1" 200 11916
::1 - - [02/Mar/2024:17:17:35 +0530] "GET /images/contentbot.jpg HTTP/1.1" 200 11570
::1 - - [02/Mar/2024:17:17:36 +0530] "GET /favicon.ico HTTP/1.1" 404 209
::1 - - [02/Mar/2024:17:17:38 +0530] "GET /phpmyadmin HTTP/1.1" 301 241
::1 - - [02/Mar/2024:17:17:38 +0530] "GET /phpmyadmin/ HTTP/1.1" 200 7705
::1 - - [02/Mar/2024:17:17:39 +0530] "GET /phpmyadmin/js/cross_framing_protection.js?ts=1695100178 HTTP/1.1" 200 331
::1 - - [02/Mar/2024:17:17:39 +0530] "GET /phpmyadmin/themes/pmahomme/jquery/jquery-ui-1.8.custom.css HTTP/1.1" 200 30846
::1 - - [02/Mar/2024:17:17:39 +0530] "GET /phpmyadmin/js/update-location.js?ts=1695100184 HTTP/1.1" 200 758
::1 - - [02/Mar/2024:17:17:39 +0530] "GET /phpmyadmin/themes/pmahomme/img/logo_right.png HTTP/1.1" 200 4921
::1 - - [02/Mar/2024:17:17:39 +0530] "GET /phpmyadmin/js/jquery/jquery.qtip-1.0.0.min.js?ts=1695100181 HTTP/1.1" 200 38434
::1 - - [02/Mar/2024:17:17:39 +0530] "GET /phpmyadmin/js/functions.js?ts=1695100179 HTTP/1.1" 200 31563
::1 - - [02/Mar/2024:17:17:39 +0530] "GET /phpmyadmin/js/jquery/jquery-1.4.4.js?ts=1695100180 HTTP/1.1" 200 78268
::1 - - [02/Mar/2024:17:17:39 +0530] "GET /phpmyadmin/phpmyadmin.css.php?server=1&collation_connection=utf8_general_ci&token=031a3a87cc9613ddbbcaaebe269afe18&js_frame=right&nocache=5085301148 HTTP/1.1" 200 41672
::1 - - [02/Mar/2024:17:17:39 +0530] "GET /phpmyadmin/themes/pmahomme/img/b_help.png HTTP/1.1" 200 1594
::1 - - [02/Mar/2024:17:17:39 +0530] "GET /phpmyadmin/print.css HTTP/1.1" 200 1064
::1 - - [02/Mar/2024:17:17:39 +0530] "GET /phpmyadmin/js/messages.php?lang=en_GB&db=&collation_connection=utf8_general_ci&token=031a3a87cc9613ddbbcaaebe269afe18 HTTP/1.1" 200 4934
::1 - - [02/Mar/2024:17:17:39 +0530] "GET /phpmyadmin/themes/pmahomme/img/input_bg.gif HTTP/1.1" 200 162
::1 - - [02/Mar/2024:17:17:40 +0530] "GET /phpmyadmin/favicon.ico HTTP/1.1" 200 18902
::1 - - [02/Mar/2024:17:17:46 +0530] "POST /phpmyadmin/index.php HTTP/1.1" 302 -
::1 - - [02/Mar/2024:17:17:46 +0530] "GET /phpmyadmin/index.php?token=031a3a87cc9613ddbbcaaebe269afe18 HTTP/1.1" 200 7537
::1 - - [02/Mar/2024:17:17:46 +0530] "GET /phpmyadmin/phpmyadmin.css.php?server=1&token=031a3a87cc9613ddbbcaaebe269afe18&js_frame=right&nocache=5085301148 HTTP/1.1" 200 41672
::1 - - [02/Mar/2024:17:17:46 +0530] "GET /phpmyadmin/js/messages.php?lang=en_GB&db=&token=031a3a87cc9613ddbbcaaebe269afe18 HTTP/1.1" 200 4934
::1 - - [02/Mar/2024:17:17:46 +0530] "GET /phpmyadmin/themes/pmahomme/img/s_error.png HTTP/1.1" 200 701
::1 - - [02/Mar/2024:17:17:50 +0530] "POST /phpmyadmin/index.php HTTP/1.1" 302 -
::1 - - [02/Mar/2024:17:17:50 +0530] "GET /phpmyadmin/index.php?token=031a3a87cc9613ddbbcaaebe269afe18 HTTP/1.1" 200 7500
::1 - - [02/Mar/2024:17:17:55 +0530] "POST /phpmyadmin/index.php HTTP/1.1" 302 -
::1 - - [02/Mar/2024:17:17:56 +0530] "GET /phpmyadmin/index.php?token=031a3a87cc9613ddbbcaaebe269afe18 HTTP/1.1" 200 2599
::1 - - [02/Mar/2024:17:17:56 +0530] "GET /phpmyadmin/js/common.js?ts=1695100177 HTTP/1.1" 200 5294
::1 - - [02/Mar/2024:17:17:56 +0530] "GET /phpmyadmin/js/jquery/jquery.sprintf.js?ts=1695100181 HTTP/1.1" 200 987
::1 - - [02/Mar/2024:17:17:56 +0530] "GET /phpmyadmin/js/config.js?ts=1695100178 HTTP/1.1" 200 9480
::1 - - [02/Mar/2024:17:17:56 +0530] "GET /phpmyadmin/main.php?token=031a3a87cc9613ddbbcaaebe269afe18 HTTP/1.1" 200 37841
::1 - - [02/Mar/2024:17:17:56 +0530] "GET /phpmyadmin/js/jquery/jquery-ui-1.8.custom.js?ts=1695100180 HTTP/1.1" 200 190765
::1 - - [02/Mar/2024:17:17:56 +0530] "GET /phpmyadmin/themes/pmahomme/img/window-new.png HTTP/1.1" 200 583
::1 - - [02/Mar/2024:17:17:56 +0530] "GET /phpmyadmin/themes/pmahomme/img/s_host.png HTTP/1.1" 200 667
::1 - - [02/Mar/2024:17:17:56 +0530] "GET /phpmyadmin/themes/pmahomme/img/s_db.png HTTP/1.1" 200 390
::1 - - [02/Mar/2024:17:17:56 +0530] "GET /phpmyadmin/themes/pmahomme/img/b_sql.png HTTP/1.1" 200 748
::1 - - [02/Mar/2024:17:17:56 +0530] "GET /phpmyadmin/themes/pmahomme/img/s_status.png HTTP/1.1" 200 673
::1 - - [02/Mar/2024:17:17:56 +0530] "GET /phpmyadmin/themes/pmahomme/img/s_process.png HTTP/1.1" 200 512
::1 - - [02/Mar/2024:17:17:56 +0530] "GET /phpmyadmin/themes/pmahomme/img/s_rights.png HTTP/1.1" 200 533
::1 - - [02/Mar/2024:17:17:56 +0530] "GET /phpmyadmin/themes/pmahomme/img/b_export.png HTTP/1.1" 200 641
::1 - - [02/Mar/2024:17:17:56 +0530] "GET /phpmyadmin/themes/pmahomme/img/b_import.png HTTP/1.1" 200 629
::1 - - [02/Mar/2024:17:17:56 +0530] "GET /phpmyadmin/navigation.php?token=031a3a87cc9613ddbbcaaebe269afe18 HTTP/1.1" 200 4055
::1 - - [02/Mar/2024:17:17:56 +0530] "GET /phpmyadmin/themes/pmahomme/img/s_vars.png HTTP/1.1" 200 603
::1 - - [02/Mar/2024:17:17:56 +0530] "GET /phpmyadmin/phpmyadmin.css.php?server=1&token=031a3a87cc9613ddbbcaaebe269afe18&js_frame=right&nocache=6794681224 HTTP/1.1" 200 41672
::1 - - [02/Mar/2024:17:17:56 +0530] "GET /phpmyadmin/js/jquery/jquery-1.4.4.js HTTP/1.1" 200 78268
::1 - - [02/Mar/2024:17:17:56 +0530] "GET /phpmyadmin/js/functions.js HTTP/1.1" 200 31563
::1 - - [02/Mar/2024:17:17:56 +0530] "GET /phpmyadmin/themes/pmahomme/img/s_reload.png HTTP/1.1" 200 608
::1 - - [02/Mar/2024:17:17:56 +0530] "GET /phpmyadmin/themes/pmahomme/img/logo_left.png HTTP/1.1" 200 4970
::1 - - [02/Mar/2024:17:17:56 +0530] "GET /phpmyadmin/themes/pmahomme/img/s_asci.png HTTP/1.1" 200 209
::1 - - [02/Mar/2024:17:17:56 +0530] "GET /phpmyadmin/themes/pmahomme/img/b_engine.png HTTP/1.1" 200 468
::1 - - [02/Mar/2024:17:17:56 +0530] "GET /phpmyadmin/themes/pmahomme/img/s_replication.png HTTP/1.1" 200 447
::1 - - [02/Mar/2024:17:17:56 +0530] "GET /phpmyadmin/themes/pmahomme/img/s_sync.png HTTP/1.1" 200 551
::1 - - [02/Mar/2024:17:17:56 +0530] "GET /phpmyadmin/themes/pmahomme/img/b_tblops.png HTTP/1.1" 200 610
::1 - - [02/Mar/2024:17:17:56 +0530] "GET /phpmyadmin/js/navigation.js HTTP/1.1" 200 2521
::1 - - [02/Mar/2024:17:17:56 +0530] "GET /phpmyadmin/themes/pmahomme/img/tab_bg.png HTTP/1.1" 200 160
::1 - - [02/Mar/2024:17:17:56 +0530] "GET /phpmyadmin/themes/pmahomme/img/s_passwd.png HTTP/1.1" 200 435
::1 - - [02/Mar/2024:17:17:56 +0530] "GET /phpmyadmin/themes/pmahomme/img/s_lang.png HTTP/1.1" 200 743
::1 - - [02/Mar/2024:17:17:56 +0530] "GET /phpmyadmin/themes/pmahomme/img/s_theme.png HTTP/1.1" 200 856
::1 - - [02/Mar/2024:17:17:56 +0530] "GET /phpmyadmin/themes/pmahomme/img/s_notice.png HTTP/1.1" 200 666
::1 - - [02/Mar/2024:17:17:56 +0530] "GET /phpmyadmin/themes/pmahomme/img/b_more.png HTTP/1.1" 200 1002
::1 - - [02/Mar/2024:17:17:56 +0530] "GET /phpmyadmin/themes/pmahomme/img/b_home.png HTTP/1.1" 200 806
::1 - - [02/Mar/2024:17:17:56 +0530] "GET /phpmyadmin/themes/pmahomme/img/s_loggoff.png HTTP/1.1" 200 688
::1 - - [02/Mar/2024:17:17:56 +0530] "GET /phpmyadmin/themes/pmahomme/img/b_selboard.png HTTP/1.1" 200 698
::1 - - [02/Mar/2024:17:17:56 +0530] "GET /phpmyadmin/themes/pmahomme/img/b_docs.png HTTP/1.1" 200 786
::1 - - [02/Mar/2024:17:17:56 +0530] "GET /phpmyadmin/themes/pmahomme/img/b_sqlhelp.png HTTP/1.1" 200 579
::1 - - [02/Mar/2024:17:17:56 +0530] "GET /phpmyadmin/phpmyadmin.css.php?token=031a3a87cc9613ddbbcaaebe269afe18&js_frame=left&nocache=6794681224 HTTP/1.1" 200 5861
::1 - - [02/Mar/2024:17:17:56 +0530] "GET /phpmyadmin/themes/pmahomme/img/database.png HTTP/1.1" 200 390
::1 - - [02/Mar/2024:17:17:56 +0530] "GET /phpmyadmin/themes/pmahomme/img/left_nav_bg.png HTTP/1.1" 200 215
::1 - - [02/Mar/2024:17:18:02 +0530] "GET /phpmyadmin/index.php?db=smf&token=031a3a87cc9613ddbbcaaebe269afe18 HTTP/1.1" 200 2632
::1 - - [02/Mar/2024:17:18:02 +0530] "GET /phpmyadmin/navigation.php?token=031a3a87cc9613ddbbcaaebe269afe18&db=smf HTTP/1.1" 200 7441
::1 - - [02/Mar/2024:17:18:02 +0530] "GET /phpmyadmin/themes/pmahomme/img/b_sbrowse.png HTTP/1.1" 200 566
::1 - - [02/Mar/2024:17:18:02 +0530] "GET /phpmyadmin/themes/pmahomme/img/b_snewtbl.png HTTP/1.1" 200 733
::1 - - [02/Mar/2024:17:18:02 +0530] "GET /phpmyadmin/js/db_structure.js?ts=1695100178 HTTP/1.1" 200 3178
::1 - - [02/Mar/2024:17:18:02 +0530] "GET /phpmyadmin/themes/pmahomme/img/item_ltr.png HTTP/1.1" 200 162
::1 - - [02/Mar/2024:17:18:02 +0530] "GET /phpmyadmin/themes/pmahomme/img/b_props.png HTTP/1.1" 200 663
::1 - - [02/Mar/2024:17:18:02 +0530] "GET /phpmyadmin/themes/pmahomme/img/b_search.png HTTP/1.1" 200 615
::1 - - [02/Mar/2024:17:18:02 +0530] "GET /phpmyadmin/themes/pmahomme/img/s_asc.png HTTP/1.1" 200 201
::1 - - [02/Mar/2024:17:18:02 +0530] "GET /phpmyadmin/themes/pmahomme/img/b_browse.png HTTP/1.1" 200 566
::1 - - [02/Mar/2024:17:18:02 +0530] "GET /phpmyadmin/themes/pmahomme/img/b_select.png HTTP/1.1" 200 680
::1 - - [02/Mar/2024:17:18:02 +0530] "GET /phpmyadmin/themes/pmahomme/img/b_insrow.png HTTP/1.1" 200 228
::1 - - [02/Mar/2024:17:18:02 +0530] "GET /phpmyadmin/themes/pmahomme/img/b_empty.png HTTP/1.1" 200 363
::1 - - [02/Mar/2024:17:18:02 +0530] "GET /phpmyadmin/db_structure.php?token=031a3a87cc9613ddbbcaaebe269afe18&db=smf HTTP/1.1" 200 29768
::1 - - [02/Mar/2024:17:18:02 +0530] "GET /phpmyadmin/themes/pmahomme/img/b_drop.png HTTP/1.1" 200 715
::1 - - [02/Mar/2024:17:18:02 +0530] "GET /phpmyadmin/themes/pmahomme/img/arrow_ltr.png HTTP/1.1" 200 184
::1 - - [02/Mar/2024:17:18:02 +0530] "GET /phpmyadmin/themes/pmahomme/img/b_print.png HTTP/1.1" 200 731
::1 - - [02/Mar/2024:17:18:02 +0530] "GET /phpmyadmin/js/messages.php?lang=en_GB&db=smf&token=031a3a87cc9613ddbbcaaebe269afe18 HTTP/1.1" 200 4937
::1 - - [02/Mar/2024:17:18:02 +0530] "GET /phpmyadmin/themes/pmahomme/img/b_tblanalyse.png HTTP/1.1" 200 234
::1 - - [02/Mar/2024:17:18:02 +0530] "GET /phpmyadmin/themes/pmahomme/img/b_newtbl.png HTTP/1.1" 200 325
::1 - - [02/Mar/2024:17:18:02 +0530] "GET /phpmyadmin/themes/pmahomme/img/marked_bg.png HTTP/1.1" 200 977
::1 - - [02/Mar/2024:17:18:07 +0530] "GET /phpmyadmin/sql.php?db=smf&token=031a3a87cc9613ddbbcaaebe269afe18&goto=db_structure.php&table=user&pos=0 HTTP/1.1" 200 25332
::1 - - [02/Mar/2024:17:18:08 +0530] "GET /phpmyadmin/themes/pmahomme/img/s_fulltext.png HTTP/1.1" 200 244
::1 - - [02/Mar/2024:17:18:08 +0530] "GET /phpmyadmin/js/pMap.js?ts=1695100182 HTTP/1.1" 200 1915
::1 - - [02/Mar/2024:17:18:08 +0530] "GET /phpmyadmin/js/sql.js?ts=1695100183 HTTP/1.1" 200 15945
::1 - - [02/Mar/2024:17:18:08 +0530] "GET /phpmyadmin/themes/pmahomme/img/b_tblexport.png HTTP/1.1" 200 641
::1 - - [02/Mar/2024:17:18:08 +0530] "GET /phpmyadmin/themes/pmahomme/img/s_tbl.png HTTP/1.1" 200 714
::1 - - [02/Mar/2024:17:18:08 +0530] "GET /phpmyadmin/themes/pmahomme/img/b_tblimport.png HTTP/1.1" 200 629
::1 - - [02/Mar/2024:17:18:08 +0530] "GET /phpmyadmin/themes/pmahomme/img/b_edit.png HTTP/1.1" 200 444
::1 - - [02/Mar/2024:17:18:08 +0530] "GET /phpmyadmin/themes/pmahomme/img/b_chart.png HTTP/1.1" 200 541
::1 - - [02/Mar/2024:17:18:08 +0530] "GET /phpmyadmin/themes/pmahomme/img/b_views.png HTTP/1.1" 200 700
::1 - - [02/Mar/2024:17:18:08 +0530] "GET /phpmyadmin/themes/pmahomme/img/s_success.png HTTP/1.1" 200 537
::1 - - [02/Mar/2024:17:18:08 +0530] "GET /phpmyadmin/themes/pmahomme/img/b_inline_edit.png HTTP/1.1" 200 618
::1 - - [02/Mar/2024:17:18:37 +0530] "GET /ProjectSMF HTTP/1.1" 301 241
::1 - - [02/Mar/2024:17:18:37 +0530] "GET /ProjectSMF/ HTTP/1.1" 200 704
::1 - - [02/Mar/2024:17:18:42 +0530] "GET /ProjectSMF/Homepage_login.php HTTP/1.1" 200 3184
::1 - - [02/Mar/2024:17:18:42 +0530] "GET /ProjectSMF/images/background1.jpg HTTP/1.1" 200 198865
::1 - - [02/Mar/2024:17:18:59 +0530] "GET /phpmyadmin/themes/pmahomme/img/tab_hover_bg.png HTTP/1.1" 200 1278
::1 - - [02/Mar/2024:17:19:05 +0530] "POST /ProjectSMF/Homepage_login.php HTTP/1.1" 302 3184
::1 - - [02/Mar/2024:17:19:05 +0530] "GET /ProjectSMF/Homepage.php HTTP/1.1" 200 1337
::1 - - [02/Mar/2024:17:19:07 +0530] "GET /ProjectSMF/registationform.php HTTP/1.1" 200 3173
::1 - - [02/Mar/2024:17:19:07 +0530] "GET /ProjectSMF/images/background5.jpg HTTP/1.1" 200 3127175
::1 - - [02/Mar/2024:17:19:17 +0530] "GET /ProjectSMF/Examination.php HTTP/1.1" 200 1418
::1 - - [02/Mar/2024:17:19:17 +0530] "GET /ProjectSMF/images/background2.jpg HTTP/1.1" 200 1853693
::1 - - [02/Mar/2024:17:19:30 +0530] "GET /phpmyadmin/sql.php?db=smf&token=031a3a87cc9613ddbbcaaebe269afe18&table=subject&pos=0 HTTP/1.1" 200 45118
::1 - - [02/Mar/2024:17:19:32 +0530] "GET /phpmyadmin/sql.php?db=smf&token=031a3a87cc9613ddbbcaaebe269afe18&table=stream_subject&pos=0 HTTP/1.1" 200 107491
::1 - - [02/Mar/2024:17:19:36 +0530] "GET /phpmyadmin/sql.php?db=smf&token=031a3a87cc9613ddbbcaaebe269afe18&table=marks&pos=0 HTTP/1.1" 200 110185
::1 - - [02/Mar/2024:17:19:47 +0530] "POST /ProjectSMF/Examination.php HTTP/1.1" 200 3090
::1 - - [02/Mar/2024:17:19:59 +0530] "GET /ProjectSMF/Examination.php HTTP/1.1" 200 1418
::1 - - [02/Mar/2024:17:20:04 +0530] "POST /ProjectSMF/Examination.php HTTP/1.1" 200 3082
::1 - - [02/Mar/2024:17:20:09 +0530] "GET /ProjectSMF/Serching.php HTTP/1.1" 200 2335
::1 - - [02/Mar/2024:17:20:09 +0530] "GET /ProjectSMF/images/background6.jpg HTTP/1.1" 200 74974
::1 - - [02/Mar/2024:17:20:19 +0530] "POST /ProjectSMF/Serching.php HTTP/1.1" 200 3195
::1 - - [02/Mar/2024:17:20:27 +0530] "GET /ProjectSMF/ReportsView.php HTTP/1.1" 200 2588
::1 - - [02/Mar/2024:17:20:27 +0530] "GET /ProjectSMF/images/background4.jpg HTTP/1.1" 200 115918
::1 - - [02/Mar/2024:17:20:28 +0530] "POST /ProjectSMF/ReportPrint.php HTTP/1.1" 200 725
::1 - - [02/Mar/2024:17:20:32 +0530] "GET /ProjectSMF/ReportsView.php HTTP/1.1" 200 2588
::1 - - [02/Mar/2024:17:20:38 +0530] "POST /ProjectSMF/ReportPrint.php HTTP/1.1" 200 808
::1 - - [02/Mar/2024:17:20:40 +0530] "GET /ProjectSMF/ReportsView.php HTTP/1.1" 200 2588
::1 - - [02/Mar/2024:17:20:42 +0530] "POST /ProjectSMF/ReportPrint.php HTTP/1.1" 200 725
::1 - - [02/Mar/2024:17:20:45 +0530] "GET /ProjectSMF/ReportsView.php HTTP/1.1" 200 2588
::1 - - [02/Mar/2024:17:20:49 +0530] "POST /ProjectSMF/ReportPrint.php HTTP/1.1" 200 808
::1 - - [02/Mar/2024:17:20:59 +0530] "GET /ProjectSMF/ReportsView.php HTTP/1.1" 200 2588
::1 - - [02/Mar/2024:17:21:00 +0530] "GET /ProjectSMF/registationform.php HTTP/1.1" 200 3173
::1 - - [02/Mar/2024:17:21:02 +0530] "GET /ProjectSMF/Homepage.php HTTP/1.1" 200 1337
::1 - - [02/Mar/2024:17:21:05 +0530] "GET /ProjectSMF/Homepage_login.php HTTP/1.1" 200 3184
::1 - - [02/Mar/2024:17:21:22 +0530] "POST /ProjectSMF/Homepage_login.php HTTP/1.1" 302 3184
::1 - - [02/Mar/2024:17:21:22 +0530] "GET /ProjectSMF/Homepage.php HTTP/1.1" 200 1337
::1 - - [02/Mar/2024:17:21:26 +0530] "GET /ProjectSMF/registationform.php HTTP/1.1" 200 3173
::1 - - [02/Mar/2024:17:21:30 +0530] "GET /ProjectSMF/Examination.php HTTP/1.1" 200 1418
::1 - - [02/Mar/2024:17:21:34 +0530] "GET /ProjectSMF/ReportsView.php HTTP/1.1" 200 2588
