190611 11:29:52 [Note] Plugin 'FEDERATED' is disabled.
190611 11:29:52 InnoDB: The InnoDB memory heap is disabled
190611 11:29:52 InnoDB: Mutexes and rw_locks use Windows interlocked functions
190611 11:29:52 InnoDB: Compressed tables use zlib 1.2.3
190611 11:29:52 InnoDB: Initializing buffer pool, size = 128.0M
190611 11:29:52 InnoDB: Completed initialization of buffer pool
InnoDB: The first specified data file C:\Users\SJCStudent\Desktop\USBWebserver v8.5\8.5\mysql\data\ibdata1 did not exist:
InnoDB: a new database to be created!
190611 11:29:52  InnoDB: Setting file C:\Users\SJCStudent\Desktop\USBWebserver v8.5\8.5\mysql\data\ibdata1 size to 10 MB
InnoDB: Database physically writes the file full: wait...
190611 11:29:52  InnoDB: Log file C:\Users\SJCStudent\Desktop\USBWebserver v8.5\8.5\mysql\data\ib_logfile0 did not exist: new to be created
InnoDB: Setting log file C:\Users\SJCStudent\Desktop\USBWebserver v8.5\8.5\mysql\data\ib_logfile0 size to 5 MB
InnoDB: Database physically writes the file full: wait...
190611 11:29:52  InnoDB: Log file C:\Users\SJCStudent\Desktop\USBWebserver v8.5\8.5\mysql\data\ib_logfile1 did not exist: new to be created
InnoDB: Setting log file C:\Users\SJCStudent\Desktop\USBWebserver v8.5\8.5\mysql\data\ib_logfile1 size to 5 MB
InnoDB: Database physically writes the file full: wait...
InnoDB: Doublewrite buffer not found: creating new
InnoDB: Doublewrite buffer created
InnoDB: 127 rollback segment(s) active.
InnoDB: Creating foreign key constraint system tables
InnoDB: Foreign key constraint system tables created
190611 11:29:53  InnoDB: Waiting for the background threads to start
190611 11:29:54 InnoDB: 1.1.8 started; log sequence number 0
