190611 11:41:20 [Note] Plugin 'FEDERATED' is disabled.
190611 11:41:20 InnoDB: The InnoDB memory heap is disabled
190611 11:41:20 InnoDB: Mutexes and rw_locks use Windows interlocked functions
190611 11:41:20 InnoDB: Compressed tables use zlib 1.2.3
190611 11:41:20 InnoDB: Initializing buffer pool, size = 128.0M
190611 11:41:20 InnoDB: Completed initialization of buffer pool
190611 11:41:20 InnoDB: highest supported file format is Barracuda.
InnoDB: The log sequence number in ibdata files does not match
InnoDB: the log sequence number in the ib_logfiles!
190611 11:41:20  InnoDB: Database was not shut down normally!
InnoDB: Starting crash recovery.
InnoDB: Reading tablespace information from the .ibd files...
InnoDB: Restoring possible half-written data pages from the doublewrite
InnoDB: buffer...
190611 11:41:21  InnoDB: Waiting for the background threads to start
190611 11:41:22 InnoDB: 1.1.8 started; log sequence number 1595675
191002  8:53:17 [Note] Plugin 'FEDERATED' is disabled.
191002  8:53:17 InnoDB: The InnoDB memory heap is disabled
191002  8:53:17 InnoDB: Mutexes and rw_locks use Windows interlocked functions
191002  8:53:17 InnoDB: Compressed tables use zlib 1.2.3
191002  8:53:17 InnoDB: Initializing buffer pool, size = 128.0M
191002  8:53:17 InnoDB: Completed initialization of buffer pool
191002  8:53:17 InnoDB: highest supported file format is Barracuda.
InnoDB: The log sequence number in ibdata files does not match
InnoDB: the log sequence number in the ib_logfiles!
191002  8:53:17  InnoDB: Database was not shut down normally!
InnoDB: Starting crash recovery.
InnoDB: Reading tablespace information from the .ibd files...
InnoDB: Restoring possible half-written data pages from the doublewrite
InnoDB: buffer...
191002  8:53:17  InnoDB: Waiting for the background threads to start
191002  8:53:18 InnoDB: 1.1.8 started; log sequence number 1595675
